mode: set
github.com/CardInfoLink/quickpay/core/applePay.go:12.69,23.16 5 0
github.com/CardInfoLink/quickpay/core/applePay.go:27.2,27.15 1 0
github.com/CardInfoLink/quickpay/core/applePay.go:32.2,45.28 2 0
github.com/CardInfoLink/quickpay/core/applePay.go:52.2,53.16 2 0
github.com/CardInfoLink/quickpay/core/applePay.go:62.2,66.15 3 0
github.com/CardInfoLink/quickpay/core/applePay.go:73.2,74.16 2 0
github.com/CardInfoLink/quickpay/core/applePay.go:82.2,82.25 1 0
github.com/CardInfoLink/quickpay/core/applePay.go:86.2,104.51 6 0
github.com/CardInfoLink/quickpay/core/applePay.go:109.2,113.22 4 0
github.com/CardInfoLink/quickpay/core/applePay.go:121.2,121.53 1 0
github.com/CardInfoLink/quickpay/core/applePay.go:125.2,125.12 1 0
github.com/CardInfoLink/quickpay/core/applePay.go:23.16,26.3 2 0
github.com/CardInfoLink/quickpay/core/applePay.go:27.15,29.3 1 0
github.com/CardInfoLink/quickpay/core/applePay.go:45.28,49.3 3 0
github.com/CardInfoLink/quickpay/core/applePay.go:53.16,54.33 1 0
github.com/CardInfoLink/quickpay/core/applePay.go:59.3,60.9 2 0
github.com/CardInfoLink/quickpay/core/applePay.go:54.33,58.4 3 0
github.com/CardInfoLink/quickpay/core/applePay.go:66.15,70.3 3 0
github.com/CardInfoLink/quickpay/core/applePay.go:74.16,79.3 4 0
github.com/CardInfoLink/quickpay/core/applePay.go:82.25,84.3 1 0
github.com/CardInfoLink/quickpay/core/applePay.go:104.51,107.3 2 0
github.com/CardInfoLink/quickpay/core/applePay.go:114.2,115.41 1 0
github.com/CardInfoLink/quickpay/core/applePay.go:116.2,117.42 1 0
github.com/CardInfoLink/quickpay/core/applePay.go:118.2,119.38 1 0
github.com/CardInfoLink/quickpay/core/applePay.go:121.53,123.3 1 0
github.com/CardInfoLink/quickpay/core/applePay.go:129.37,130.48 1 0
github.com/CardInfoLink/quickpay/core/applePay.go:130.48,132.3 1 0
github.com/CardInfoLink/quickpay/core/bindingpay.go:15.79,21.15 3 1
github.com/CardInfoLink/quickpay/core/bindingpay.go:32.2,33.16 2 1
github.com/CardInfoLink/quickpay/core/bindingpay.go:39.2,42.96 2 0
github.com/CardInfoLink/quickpay/core/bindingpay.go:50.2,51.15 2 0
github.com/CardInfoLink/quickpay/core/bindingpay.go:56.2,70.57 2 0
github.com/CardInfoLink/quickpay/core/bindingpay.go:76.2,84.56 2 0
github.com/CardInfoLink/quickpay/core/bindingpay.go:91.2,92.16 2 0
github.com/CardInfoLink/quickpay/core/bindingpay.go:98.2,106.16 6 0
github.com/CardInfoLink/quickpay/core/bindingpay.go:110.2,118.22 4 0
github.com/CardInfoLink/quickpay/core/bindingpay.go:126.2,127.16 2 0
github.com/CardInfoLink/quickpay/core/bindingpay.go:132.2,132.12 1 0
github.com/CardInfoLink/quickpay/core/bindingpay.go:21.15,23.3 1 0
github.com/CardInfoLink/quickpay/core/bindingpay.go:33.16,34.33 1 1
github.com/CardInfoLink/quickpay/core/bindingpay.go:37.3,37.9 1 1
github.com/CardInfoLink/quickpay/core/bindingpay.go:34.33,36.4 1 0
github.com/CardInfoLink/quickpay/core/bindingpay.go:42.96,44.17 2 0
github.com/CardInfoLink/quickpay/core/bindingpay.go:44.17,46.4 1 0
github.com/CardInfoLink/quickpay/core/bindingpay.go:51.15,53.3 1 0
github.com/CardInfoLink/quickpay/core/bindingpay.go:70.57,73.3 2 0
github.com/CardInfoLink/quickpay/core/bindingpay.go:84.56,87.3 2 0
github.com/CardInfoLink/quickpay/core/bindingpay.go:92.16,95.3 2 0
github.com/CardInfoLink/quickpay/core/bindingpay.go:106.16,109.3 2 0
github.com/CardInfoLink/quickpay/core/bindingpay.go:119.2,120.42 1 0
github.com/CardInfoLink/quickpay/core/bindingpay.go:121.2,122.43 1 0
github.com/CardInfoLink/quickpay/core/bindingpay.go:123.2,124.39 1 0
github.com/CardInfoLink/quickpay/core/bindingpay.go:127.16,130.3 2 0
github.com/CardInfoLink/quickpay/core/bindingpay.go:137.81,143.16 3 0
github.com/CardInfoLink/quickpay/core/bindingpay.go:147.2,150.47 2 0
github.com/CardInfoLink/quickpay/core/bindingpay.go:159.2,160.16 2 0
github.com/CardInfoLink/quickpay/core/bindingpay.go:167.2,175.22 6 0
github.com/CardInfoLink/quickpay/core/bindingpay.go:185.2,185.55 1 0
github.com/CardInfoLink/quickpay/core/bindingpay.go:190.2,194.3 1 0
github.com/CardInfoLink/quickpay/core/bindingpay.go:143.16,146.3 2 0
github.com/CardInfoLink/quickpay/core/bindingpay.go:150.47,156.3 1 0
github.com/CardInfoLink/quickpay/core/bindingpay.go:160.16,163.3 2 0
github.com/CardInfoLink/quickpay/core/bindingpay.go:176.2,177.42 1 0
github.com/CardInfoLink/quickpay/core/bindingpay.go:178.2,179.43 1 0
github.com/CardInfoLink/quickpay/core/bindingpay.go:180.2,181.39 1 0
github.com/CardInfoLink/quickpay/core/bindingpay.go:185.55,188.3 2 0
github.com/CardInfoLink/quickpay/core/bindingpay.go:198.81,204.16 3 0
github.com/CardInfoLink/quickpay/core/bindingpay.go:207.2,207.15 1 0
github.com/CardInfoLink/quickpay/core/bindingpay.go:212.2,227.9 4 0
github.com/CardInfoLink/quickpay/core/bindingpay.go:239.2,239.12 1 0
github.com/CardInfoLink/quickpay/core/bindingpay.go:245.2,246.16 2 0
github.com/CardInfoLink/quickpay/core/bindingpay.go:256.2,257.16 2 0
github.com/CardInfoLink/quickpay/core/bindingpay.go:264.2,287.50 7 0
github.com/CardInfoLink/quickpay/core/bindingpay.go:292.2,298.22 5 0
github.com/CardInfoLink/quickpay/core/bindingpay.go:306.2,307.12 2 0
github.com/CardInfoLink/quickpay/core/bindingpay.go:204.16,206.3 1 0
github.com/CardInfoLink/quickpay/core/bindingpay.go:207.15,209.3 1 0
github.com/CardInfoLink/quickpay/core/bindingpay.go:228.2,230.16 2 0
github.com/CardInfoLink/quickpay/core/bindingpay.go:231.2,233.16 2 0
github.com/CardInfoLink/quickpay/core/bindingpay.go:234.2,237.16 2 0
github.com/CardInfoLink/quickpay/core/bindingpay.go:239.12,242.3 2 0
github.com/CardInfoLink/quickpay/core/bindingpay.go:246.16,250.3 3 0
github.com/CardInfoLink/quickpay/core/bindingpay.go:257.16,261.3 3 0
github.com/CardInfoLink/quickpay/core/bindingpay.go:287.50,289.3 1 0
github.com/CardInfoLink/quickpay/core/bindingpay.go:299.2,300.41 1 0
github.com/CardInfoLink/quickpay/core/bindingpay.go:301.2,302.42 1 0
github.com/CardInfoLink/quickpay/core/bindingpay.go:303.2,304.38 1 0
github.com/CardInfoLink/quickpay/core/bindingpay.go:311.79,316.16 3 0
github.com/CardInfoLink/quickpay/core/bindingpay.go:320.2,320.26 1 0
github.com/CardInfoLink/quickpay/core/bindingpay.go:333.2,334.16 2 0
github.com/CardInfoLink/quickpay/core/bindingpay.go:339.2,349.30 7 0
github.com/CardInfoLink/quickpay/core/bindingpay.go:354.2,354.12 1 0
github.com/CardInfoLink/quickpay/core/bindingpay.go:316.16,318.3 1 0
github.com/CardInfoLink/quickpay/core/bindingpay.go:325.2,326.42 1 0
github.com/CardInfoLink/quickpay/core/bindingpay.go:328.2,329.42 1 0
github.com/CardInfoLink/quickpay/core/bindingpay.go:334.16,336.3 1 0
github.com/CardInfoLink/quickpay/core/bindingpay.go:349.30,352.3 2 0
github.com/CardInfoLink/quickpay/core/bindingpay.go:358.79,365.16 3 0
github.com/CardInfoLink/quickpay/core/bindingpay.go:369.2,369.15 1 0
github.com/CardInfoLink/quickpay/core/bindingpay.go:373.2,383.9 4 0
github.com/CardInfoLink/quickpay/core/bindingpay.go:405.2,405.12 1 0
github.com/CardInfoLink/quickpay/core/bindingpay.go:411.2,412.16 2 0
github.com/CardInfoLink/quickpay/core/bindingpay.go:419.2,437.51 6 0
github.com/CardInfoLink/quickpay/core/bindingpay.go:442.2,448.22 5 0
github.com/CardInfoLink/quickpay/core/bindingpay.go:460.2,461.8 2 0
github.com/CardInfoLink/quickpay/core/bindingpay.go:365.16,368.3 2 0
github.com/CardInfoLink/quickpay/core/bindingpay.go:369.15,371.3 1 0
github.com/CardInfoLink/quickpay/core/bindingpay.go:385.2,387.16 2 0
github.com/CardInfoLink/quickpay/core/bindingpay.go:389.2,391.16 2 0
github.com/CardInfoLink/quickpay/core/bindingpay.go:393.2,395.16 2 0
github.com/CardInfoLink/quickpay/core/bindingpay.go:397.2,399.16 2 0
github.com/CardInfoLink/quickpay/core/bindingpay.go:401.2,403.16 2 0
github.com/CardInfoLink/quickpay/core/bindingpay.go:405.12,408.3 2 0
github.com/CardInfoLink/quickpay/core/bindingpay.go:412.16,416.3 3 0
github.com/CardInfoLink/quickpay/core/bindingpay.go:437.51,439.3 1 0
github.com/CardInfoLink/quickpay/core/bindingpay.go:449.2,453.32 3 0
github.com/CardInfoLink/quickpay/core/bindingpay.go:455.2,456.43 1 0
github.com/CardInfoLink/quickpay/core/bindingpay.go:457.2,458.39 1 0
github.com/CardInfoLink/quickpay/core/bindingpay.go:465.77,472.16 3 0
github.com/CardInfoLink/quickpay/core/bindingpay.go:475.2,477.42 2 0
github.com/CardInfoLink/quickpay/core/bindingpay.go:486.2,487.16 2 0
github.com/CardInfoLink/quickpay/core/bindingpay.go:493.2,500.21 6 0
github.com/CardInfoLink/quickpay/core/bindingpay.go:510.2,510.25 1 0
github.com/CardInfoLink/quickpay/core/bindingpay.go:518.2,518.49 1 0
github.com/CardInfoLink/quickpay/core/bindingpay.go:523.2,524.28 2 0
github.com/CardInfoLink/quickpay/core/bindingpay.go:528.2,528.8 1 0
github.com/CardInfoLink/quickpay/core/bindingpay.go:472.16,474.3 1 0
github.com/CardInfoLink/quickpay/core/bindingpay.go:477.42,479.29 2 0
github.com/CardInfoLink/quickpay/core/bindingpay.go:482.3,482.9 1 0
github.com/CardInfoLink/quickpay/core/bindingpay.go:479.29,481.4 1 0
github.com/CardInfoLink/quickpay/core/bindingpay.go:487.16,490.3 2 0
github.com/CardInfoLink/quickpay/core/bindingpay.go:502.2,503.39 1 0
github.com/CardInfoLink/quickpay/core/bindingpay.go:505.2,506.38 1 0
github.com/CardInfoLink/quickpay/core/bindingpay.go:511.2,512.37 1 0
github.com/CardInfoLink/quickpay/core/bindingpay.go:513.2,514.38 1 0
github.com/CardInfoLink/quickpay/core/bindingpay.go:515.2,516.34 1 0
github.com/CardInfoLink/quickpay/core/bindingpay.go:518.49,520.3 1 0
github.com/CardInfoLink/quickpay/core/bindingpay.go:524.28,526.3 1 0
github.com/CardInfoLink/quickpay/core/bindingpay.go:532.81,539.16 3 0
github.com/CardInfoLink/quickpay/core/bindingpay.go:547.2,547.20 1 0
github.com/CardInfoLink/quickpay/core/bindingpay.go:557.2,558.8 2 0
github.com/CardInfoLink/quickpay/core/bindingpay.go:539.16,542.3 2 0
github.com/CardInfoLink/quickpay/core/bindingpay.go:547.20,550.3 2 0
github.com/CardInfoLink/quickpay/core/bindingpay.go:550.3,554.3 1 0
github.com/CardInfoLink/quickpay/core/bindingpay.go:562.81,569.16 3 0
github.com/CardInfoLink/quickpay/core/bindingpay.go:574.2,576.8 3 0
github.com/CardInfoLink/quickpay/core/bindingpay.go:569.16,572.3 2 0
github.com/CardInfoLink/quickpay/core/bindingpay.go:580.81,589.16 4 0
github.com/CardInfoLink/quickpay/core/bindingpay.go:593.2,593.15 1 0
github.com/CardInfoLink/quickpay/core/bindingpay.go:598.2,611.28 2 0
github.com/CardInfoLink/quickpay/core/bindingpay.go:618.2,619.16 2 0
github.com/CardInfoLink/quickpay/core/bindingpay.go:629.2,633.15 3 0
github.com/CardInfoLink/quickpay/core/bindingpay.go:640.2,641.16 2 0
github.com/CardInfoLink/quickpay/core/bindingpay.go:649.2,649.25 1 0
github.com/CardInfoLink/quickpay/core/bindingpay.go:653.2,674.51 6 0
github.com/CardInfoLink/quickpay/core/bindingpay.go:679.2,684.22 5 0
github.com/CardInfoLink/quickpay/core/bindingpay.go:692.2,692.53 1 0
github.com/CardInfoLink/quickpay/core/bindingpay.go:696.2,696.12 1 0
github.com/CardInfoLink/quickpay/core/bindingpay.go:589.16,592.3 2 0
github.com/CardInfoLink/quickpay/core/bindingpay.go:593.15,595.3 1 0
github.com/CardInfoLink/quickpay/core/bindingpay.go:611.28,615.3 3 0
github.com/CardInfoLink/quickpay/core/bindingpay.go:619.16,621.33 2 0
github.com/CardInfoLink/quickpay/core/bindingpay.go:626.3,627.9 2 0
github.com/CardInfoLink/quickpay/core/bindingpay.go:621.33,625.4 3 0
github.com/CardInfoLink/quickpay/core/bindingpay.go:633.15,637.3 3 0
github.com/CardInfoLink/quickpay/core/bindingpay.go:641.16,646.3 4 0
github.com/CardInfoLink/quickpay/core/bindingpay.go:649.25,651.3 1 0
github.com/CardInfoLink/quickpay/core/bindingpay.go:674.51,677.3 2 0
github.com/CardInfoLink/quickpay/core/bindingpay.go:685.2,686.41 1 0
github.com/CardInfoLink/quickpay/core/bindingpay.go:687.2,688.42 1 0
github.com/CardInfoLink/quickpay/core/bindingpay.go:689.2,690.38 1 0
github.com/CardInfoLink/quickpay/core/bindingpay.go:692.53,694.3 1 0
github.com/CardInfoLink/quickpay/core/bindingpay.go:700.76,703.2 2 0
github.com/CardInfoLink/quickpay/core/bizValidity.go:11.79,12.24 1 0
github.com/CardInfoLink/quickpay/core/bizValidity.go:16.2,16.23 1 0
github.com/CardInfoLink/quickpay/core/bizValidity.go:20.2,20.23 1 0
github.com/CardInfoLink/quickpay/core/bizValidity.go:24.2,24.77 1 0
github.com/CardInfoLink/quickpay/core/bizValidity.go:28.2,28.93 1 0
github.com/CardInfoLink/quickpay/core/bizValidity.go:32.2,32.12 1 0
github.com/CardInfoLink/quickpay/core/bizValidity.go:12.24,14.3 1 0
github.com/CardInfoLink/quickpay/core/bizValidity.go:16.23,18.3 1 0
github.com/CardInfoLink/quickpay/core/bizValidity.go:20.23,22.3 1 0
github.com/CardInfoLink/quickpay/core/bizValidity.go:24.77,26.3 1 0
github.com/CardInfoLink/quickpay/core/bizValidity.go:28.93,30.3 1 0
github.com/CardInfoLink/quickpay/core/cardBin.go:27.58,30.15 2 1
github.com/CardInfoLink/quickpay/core/cardBin.go:33.2,34.50 2 0
github.com/CardInfoLink/quickpay/core/cardBin.go:30.15,32.3 1 1
github.com/CardInfoLink/quickpay/core/cardBin.go:39.26,43.16 3 0
github.com/CardInfoLink/quickpay/core/cardBin.go:46.2,46.24 1 0
github.com/CardInfoLink/quickpay/core/cardBin.go:55.2,56.19 2 0
github.com/CardInfoLink/quickpay/core/cardBin.go:61.2,70.12 5 0
github.com/CardInfoLink/quickpay/core/cardBin.go:43.16,45.3 1 0
github.com/CardInfoLink/quickpay/core/cardBin.go:46.24,49.17 2 0
github.com/CardInfoLink/quickpay/core/cardBin.go:49.17,51.4 1 0
github.com/CardInfoLink/quickpay/core/cardBin.go:56.19,58.3 1 0
github.com/CardInfoLink/quickpay/core/cardBin.go:74.18,78.16 2 1
github.com/CardInfoLink/quickpay/core/cardBin.go:82.2,82.24 1 1
github.com/CardInfoLink/quickpay/core/cardBin.go:89.2,89.54 1 1
github.com/CardInfoLink/quickpay/core/cardBin.go:78.16,80.3 1 0
github.com/CardInfoLink/quickpay/core/cardBin.go:82.24,85.17 2 1
github.com/CardInfoLink/quickpay/core/cardBin.go:85.17,87.4 1 0
github.com/CardInfoLink/quickpay/core/cardBin.go:93.45,96.33 2 1
github.com/CardInfoLink/quickpay/core/cardBin.go:112.2,112.12 1 1
github.com/CardInfoLink/quickpay/core/cardBin.go:96.33,98.17 2 1
github.com/CardInfoLink/quickpay/core/cardBin.go:101.3,102.15 2 1
github.com/CardInfoLink/quickpay/core/cardBin.go:106.3,106.23 1 1
github.com/CardInfoLink/quickpay/core/cardBin.go:109.3,110.11 2 1
github.com/CardInfoLink/quickpay/core/cardBin.go:98.17,100.4 1 0
github.com/CardInfoLink/quickpay/core/cardBin.go:102.15,104.4 1 1
github.com/CardInfoLink/quickpay/core/cardBin.go:106.23,108.4 1 1
github.com/CardInfoLink/quickpay/core/cardBin.go:115.49,124.36 5 1
github.com/CardInfoLink/quickpay/core/cardBin.go:143.2,143.13 1 1
github.com/CardInfoLink/quickpay/core/cardBin.go:124.36,126.17 2 0
github.com/CardInfoLink/quickpay/core/cardBin.go:129.3,130.15 2 0
github.com/CardInfoLink/quickpay/core/cardBin.go:133.3,136.13 2 0
github.com/CardInfoLink/quickpay/core/cardBin.go:140.3,140.30 1 0
github.com/CardInfoLink/quickpay/core/cardBin.go:126.17,128.4 1 0
github.com/CardInfoLink/quickpay/core/cardBin.go:130.15,131.9 1 0
github.com/CardInfoLink/quickpay/core/cardBin.go:136.13,139.4 1 0
github.com/CardInfoLink/quickpay/core/router.go:11.81,14.16 2 0
github.com/CardInfoLink/quickpay/core/router.go:18.2,20.15 2 0
github.com/CardInfoLink/quickpay/core/router.go:14.16,17.3 2 0
github.com/CardInfoLink/quickpay/core/scanPay.go:15.69,20.16 3 0
github.com/CardInfoLink/quickpay/core/scanPay.go:25.2,25.15 1 0
github.com/CardInfoLink/quickpay/core/scanPay.go:32.2,33.16 2 0
github.com/CardInfoLink/quickpay/core/scanPay.go:40.2,41.44 2 0
github.com/CardInfoLink/quickpay/core/scanPay.go:54.2,64.16 5 0
github.com/CardInfoLink/quickpay/core/scanPay.go:71.2,72.15 2 0
github.com/CardInfoLink/quickpay/core/scanPay.go:79.2,80.16 2 0
github.com/CardInfoLink/quickpay/core/scanPay.go:88.2,101.23 9 0
github.com/CardInfoLink/quickpay/core/scanPay.go:109.2,109.49 1 0
github.com/CardInfoLink/quickpay/core/scanPay.go:113.2,113.8 1 0
github.com/CardInfoLink/quickpay/core/scanPay.go:20.16,24.3 3 0
github.com/CardInfoLink/quickpay/core/scanPay.go:25.15,29.3 2 0
github.com/CardInfoLink/quickpay/core/scanPay.go:33.16,36.3 2 0
github.com/CardInfoLink/quickpay/core/scanPay.go:41.44,44.3 2 0
github.com/CardInfoLink/quickpay/core/scanPay.go:44.3,44.51 1 0
github.com/CardInfoLink/quickpay/core/scanPay.go:44.51,47.3 2 0
github.com/CardInfoLink/quickpay/core/scanPay.go:47.3,51.3 2 0
github.com/CardInfoLink/quickpay/core/scanPay.go:64.16,68.3 3 0
github.com/CardInfoLink/quickpay/core/scanPay.go:72.15,76.3 2 0
github.com/CardInfoLink/quickpay/core/scanPay.go:80.16,85.3 3 0
github.com/CardInfoLink/quickpay/core/scanPay.go:102.2,103.37 1 0
github.com/CardInfoLink/quickpay/core/scanPay.go:104.2,105.38 1 0
github.com/CardInfoLink/quickpay/core/scanPay.go:106.2,107.34 1 0
github.com/CardInfoLink/quickpay/core/scanPay.go:109.49,111.3 1 0
github.com/CardInfoLink/quickpay/core/scanPay.go:117.78,132.2 1 0
github.com/CardInfoLink/quickpay/core/scanPay.go:135.68,148.2 1 0
github.com/CardInfoLink/quickpay/core/scanPay.go:151.70,164.2 1 0
github.com/CardInfoLink/quickpay/core/scanPay.go:167.68,180.2 1 0
